<?xml version="1.0" encoding="UTF-8"?>
<testng-results ignored="0" total="1" passed="1" failed="0" skipped="0">
  <reporter-output>
  </reporter-output>
  <suite started-at="2022-02-17T14:44:39 IST" name="Example test run" finished-at="2022-02-17T14:44:39 IST" duration-ms="85">
    <groups>
    </groups>
    <test started-at="2022-02-17T14:44:39 IST" name="Simple Test" finished-at="2022-02-17T14:44:39 IST" duration-ms="85">
      <class name="com.selenium.Selenium.Sample">
        <test-method signature="WelcomeTest()[pri:0, instance:com.selenium.Selenium.Sample@6bedbc4d]" started-at="2022-02-17T14:44:39 IST" name="WelcomeTest" finished-at="2022-02-17T14:44:39 IST" duration-ms="18" status="PASS">
          <reporter-output>
          </reporter-output>
        </test-method> <!-- WelcomeTest -->
      </class> <!-- com.selenium.Selenium.Sample -->
    </test> <!-- Simple Test -->
  </suite> <!-- Example test run -->
</testng-results>
